Build started 2018/5/16 0:12:11.
     1>Project "D:\Workplace\DEST\dest-wqy-2\build\dest_gen_rects.vcxproj" on node 4 (Build target(s)).
     1>ClCompile:
         C:\Program Files (x86)\Microsoft Visual Studio 12.0\VC\bin\x86_amd64\CL.exe /c /I"D:\软件\Opencv3.1.0_vc12_vc14\opencv\build\include" /I"D:\软件\Opencv3.1.0_vc12_vc14\opencv\build\include\opencv" /I"D:\Workplace\DEST\dest-wqy-2\build" /I"D:\软件\eigen-eigen-5a0156e40feb" /I"D:\Workplace\DEST\dest-wqy-2\inc" /I"D:\Workplace\DEST\dest-wqy-2\ext" /Zi /nologo /W3 /WX- /Od /Ob0 /D WIN32 /D _WINDOWS /D _SCL_SECURE_NO_WARNINGS /D _CRT_SECURE_NO_WARNINGS /D "CMAKE_INTDIR=\"Debug\"" /D _MBCS /Gm- /EHsc /RTC1 /MDd /GS /fp:precise /Zc:wchar_t /Zc:forScope /GR /Fo"dest_gen_rects.dir\Debug\\" /Fd"dest_gen_rects.dir\Debug\vc120.pdb" /Gd /TP /errorReport:prompt "D:\Workplace\DEST\dest-wqy-2\examples\dest_gen_rects.cpp"
         dest_gen_rects.cpp
     1>d:\软件\eigen-eigen-5a0156e40feb\eigen\src/Core/CwiseBinaryOp.h(109): error C2338: YOU_MIXED_MATRICES_OF_DIFFERENT_SIZES
                 d:\软件\eigen-eigen-5a0156e40feb\eigen\src/Core/CwiseBinaryOp.h(104) : while compiling class template member function 'Eigen::CwiseBinaryOp<Eigen::internal::scalar_difference_op<float,_Scalar>,const Derived,const Eigen::Matrix<_Scalar,2,1,0,2,1>>::CwiseBinaryOp(const Eigen::Block<const Eigen::Matrix<_Scalar,3,-1,0,3,-1>,3,1,true> &,const Eigen::Matrix<_Scalar,2,1,0,2,1> &,const BinaryOp &)'
                 with
                 [
                     _Scalar=float
         ,            Derived=Eigen::Block<const Eigen::Matrix<float,3,-1,0,3,-1>,3,1,true>
         ,            BinaryOp=Eigen::internal::scalar_difference_op<float,float>
                 ]
                 d:\软件\eigen-eigen-5a0156e40feb\eigen\src\core\../plugins/CommonCwiseBinaryOps.h(19) : see reference to function template instantiation 'Eigen::CwiseBinaryOp<Eigen::internal::scalar_difference_op<float,_Scalar>,const Derived,const Eigen::Matrix<_Scalar,2,1,0,2,1>>::CwiseBinaryOp(const Eigen::Block<const Eigen::Matrix<_Scalar,3,-1,0,3,-1>,3,1,true> &,const Eigen::Matrix<_Scalar,2,1,0,2,1> &,const BinaryOp &)' being compiled
                 with
                 [
                     _Scalar=float
         ,            Derived=Eigen::Block<const Eigen::Matrix<float,3,-1,0,3,-1>,3,1,true>
         ,            BinaryOp=Eigen::internal::scalar_difference_op<float,float>
                 ]
                 D:\Workplace\DEST\dest-wqy-2\examples\dest_gen_rects.cpp(31) : see reference to class template instantiation 'Eigen::CwiseBinaryOp<Eigen::internal::scalar_difference_op<float,_Scalar>,const Derived,const Eigen::Matrix<_Scalar,2,1,0,2,1>>' being compiled
                 with
                 [
                     _Scalar=float
         ,            Derived=Eigen::Block<const Eigen::Matrix<float,3,-1,0,3,-1>,3,1,true>
                 ]
     1>Done Building Project "D:\Workplace\DEST\dest-wqy-2\build\dest_gen_rects.vcxproj" (Build target(s)) -- FAILED.

Build FAILED.

Time Elapsed 00:00:04.33
